Arguments: 
  /opt/homebrew/Cellar/node/16.11.1/bin/node /Users/timjossund/.nvm/versions/node/v15.10.0/bin/yarn global bin

PATH: 
  /opt/homebrew/bin:/opt/homebrew/sbin:/Users/timjossund/.nvm/versions/node/v15.10.0/bin:/usr/local/bin:/usr/bin:/bin:/usr/sbin:/sbin:/Library/Apple/usr/bin:/Users/timjossund/Development/flutter/bin:info If you think this is a bug, please open a bug report with the information provided in "/Users/timjossund/Desktop/NucampFolder/5-NodeJS-Express-MongoDB/node-express/public/yarn-error.log".
  info Visit https://yarnpkg.com/en/docs/cli/global for documentation about this command.

Yarn version: 
  1.22.11

Node version: 
  16.11.1

Platform: 
  darwin arm64

Trace: 
  SyntaxError: /Users/timjossund/Desktop/NucampFolder/5-NodeJS-Express-MongoDB/node-express/public/package.json: Unexpected end of JSON input
      at JSON.parse (<anonymous>)
      at /Users/timjossund/.nvm/versions/node/v15.10.0/lib/node_modules/yarn/lib/cli.js:1625:59
      at Generator.next (<anonymous>)
      at step (/Users/timjossund/.nvm/versions/node/v15.10.0/lib/node_modules/yarn/lib/cli.js:310:30)
      at /Users/timjossund/.nvm/versions/node/v15.10.0/lib/node_modules/yarn/lib/cli.js:321:13

npm manifest: 
  

yarn manifest: 
  No manifest

Lockfile: 
  No lockfile
